[debug] [2026-04-13T10:12:18.772Z] ----------------------------------------------------------------------
[debug] [2026-04-13T10:12:18.774Z] Command:       C:\Program Files\nodejs\node.exe C:\Users\annam\AppData\Roaming\npm\node_modules\firebase-tools\lib\bin\firebase.js deploy
[debug] [2026-04-13T10:12:18.774Z] CLI Version:   15.14.0
[debug] [2026-04-13T10:12:18.774Z] Platform:      win32
[debug] [2026-04-13T10:12:18.775Z] Node Version:  v24.13.0
[debug] [2026-04-13T10:12:18.775Z] Time:          Mon Apr 13 2026 18:12:18 GMT+0800 (Philippine Standard Time)
[debug] [2026-04-13T10:12:18.775Z] ----------------------------------------------------------------------
[debug] 
[debug] [2026-04-13T10:12:18.777Z] >>> [apiv2][query] GET https://firebase-public.firebaseio.com/cli.json [none]
[debug] [2026-04-13T10:12:21.281Z] > command requires scopes: ["email","openid","https://www.googleapis.com/auth/cloudplatformprojects.readonly","https://www.googleapis.com/auth/firebase","https://www.googleapis.com/auth/cloud-platform"]
[debug] [2026-04-13T10:12:21.282Z] > authorizing via signed-in user (fpenaofficial@gmail.com)
[debug] [2026-04-13T10:12:21.282Z] [iam] checking project tinyml-smart-plug for permissions ["firebase.projects.get","firebasehosting.sites.update"]
[debug] [2026-04-13T10:12:21.283Z] Checked if tokens are valid: false, expires at: 1776055993145
[debug] [2026-04-13T10:12:21.283Z] Checked if tokens are valid: false, expires at: 1776055993145
[debug] [2026-04-13T10:12:21.283Z] > refreshing access token with scopes: []
[debug] [2026-04-13T10:12:21.284Z] >>> [apiv2][query] POST https://www.googleapis.com/oauth2/v3/token [none]
[debug] [2026-04-13T10:12:21.284Z] >>> [apiv2][body] POST https://www.googleapis.com/oauth2/v3/token [omitted]
[debug] [2026-04-13T10:12:21.423Z] <<< [apiv2][status] POST https://www.googleapis.com/oauth2/v3/token 200
[debug] [2026-04-13T10:12:21.424Z] <<< [apiv2][body] POST https://www.googleapis.com/oauth2/v3/token [omitted]
[debug] [2026-04-13T10:12:21.431Z] >>> [apiv2][query] POST https://cloudresourcemanager.googleapis.com/v1/projects/tinyml-smart-plug:testIamPermissions [none]
[debug] [2026-04-13T10:12:21.431Z] >>> [apiv2][(partial)header] POST https://cloudresourcemanager.googleapis.com/v1/projects/tinyml-smart-plug:testIamPermissions  x-goog-user-project=tinyml-smart-plug
[debug] [2026-04-13T10:12:21.431Z] >>> [apiv2][body] POST https://cloudresourcemanager.googleapis.com/v1/projects/tinyml-smart-plug:testIamPermissions {"permissions":["firebase.projects.get","firebasehosting.sites.update"]}
[debug] [2026-04-13T10:12:21.809Z] <<< [apiv2][status] POST https://cloudresourcemanager.googleapis.com/v1/projects/tinyml-smart-plug:testIamPermissions 200
[debug] [2026-04-13T10:12:21.809Z] <<< [apiv2][body] POST https://cloudresourcemanager.googleapis.com/v1/projects/tinyml-smart-plug:testIamPermissions {"permissions":["firebase.projects.get","firebasehosting.sites.update"]}
[debug] [2026-04-13T10:12:21.810Z] Checked if tokens are valid: true, expires at: 1776078740424
[debug] [2026-04-13T10:12:21.810Z] Checked if tokens are valid: true, expires at: 1776078740424
[debug] [2026-04-13T10:12:21.810Z] >>> [apiv2][query] GET https://firebase.googleapis.com/v1beta1/projects/tinyml-smart-plug [none]
[debug] [2026-04-13T10:12:21.874Z] <<< [apiv2][status] GET https://firebase-public.firebaseio.com/cli.json 200
[debug] [2026-04-13T10:12:21.874Z] <<< [apiv2][body] GET https://firebase-public.firebaseio.com/cli.json {"cloudBuildErrorAfter":1594252800000,"cloudBuildWarnAfter":1590019200000,"defaultNode10After":1594252800000,"minVersion":"3.0.5","node8DeploysDisabledAfter":1613390400000,"node8RuntimeDisabledAfter":1615809600000,"node8WarnAfter":1600128000000}
[debug] [2026-04-13T10:12:22.523Z] <<< [apiv2][status] GET https://firebase.googleapis.com/v1beta1/projects/tinyml-smart-plug 200
[debug] [2026-04-13T10:12:22.523Z] <<< [apiv2][body] GET https://firebase.googleapis.com/v1beta1/projects/tinyml-smart-plug {"projectId":"tinyml-smart-plug","projectNumber":"476671598143","displayName":"TinyML Smart Plug","name":"projects/tinyml-smart-plug","resources":{"hostingSite":"tinyml-smart-plug","realtimeDatabaseInstance":"tinyml-smart-plug-default-rtdb"},"state":"ACTIVE","etag":"1_f0781e8c-4ad9-4c7d-ac1a-3d3c810ef7ab"}
[info] 
[info] === Deploying to 'tinyml-smart-plug'...
[info] 
[info] i  deploying hosting 
[debug] [2026-04-13T10:12:22.530Z] Checked if tokens are valid: true, expires at: 1776078740424
[debug] [2026-04-13T10:12:22.530Z] Checked if tokens are valid: true, expires at: 1776078740424
[debug] [2026-04-13T10:12:22.531Z] >>> [apiv2][query] POST https://firebasehosting.googleapis.com/v1beta1/projects/-/sites/tinyml-smart-plug/versions [none]
[debug] [2026-04-13T10:12:22.531Z] >>> [apiv2][body] POST https://firebasehosting.googleapis.com/v1beta1/projects/-/sites/tinyml-smart-plug/versions {"status":"CREATED","labels":{"deployment-tool":"cli-firebase"}}
[debug] [2026-04-13T10:12:24.202Z] <<< [apiv2][status] POST https://firebasehosting.googleapis.com/v1beta1/projects/-/sites/tinyml-smart-plug/versions 200
[debug] [2026-04-13T10:12:24.202Z] <<< [apiv2][body] POST https://firebasehosting.googleapis.com/v1beta1/projects/-/sites/tinyml-smart-plug/versions {"name":"projects/476671598143/sites/tinyml-smart-plug/versions/6003d0588e7332c9","status":"CREATED","config":{},"labels":{"deployment-tool":"cli-firebase"}}
[info] i  hosting[tinyml-smart-plug]: beginning deploy... 
[info] i  hosting[tinyml-smart-plug]: found 15 files in pwa 
[debug] [2026-04-13T10:12:24.215Z] [hosting] uploading with 200 concurrency
[debug] [2026-04-13T10:12:24.228Z] Checked if tokens are valid: true, expires at: 1776078740424
[debug] [2026-04-13T10:12:24.228Z] Checked if tokens are valid: true, expires at: 1776078740424
[debug] [2026-04-13T10:12:24.229Z] [hosting] hash cache [cHdh] stored for 15 files
[debug] [2026-04-13T10:12:24.229Z] [hosting][hash queue][FINAL] {"max":8,"min":0,"avg":2.3333333333333335,"active":0,"complete":15,"success":15,"errored":0,"retried":0,"total":15,"elapsed":12}
[debug] [2026-04-13T10:12:24.229Z] >>> [apiv2][query] POST https://firebasehosting.googleapis.com/v1beta1/projects/476671598143/sites/tinyml-smart-plug/versions/6003d0588e7332c9:populateFiles [none]
[debug] [2026-04-13T10:12:24.230Z] >>> [apiv2][body] POST https://firebasehosting.googleapis.com/v1beta1/projects/476671598143/sites/tinyml-smart-plug/versions/6003d0588e7332c9:populateFiles {"files":{"/styles.css":"c1db10243c8a2d448ed65baf776c9ece096cb8b1888bc912dcbb6e52c1035fa9","/manifest.json":"7edf7bf3402e125d90b0f220aa3be7a4b05fe7818b476aade36bc46b237cf927","/index.html":"ba51ab9b334136fe24308343e59d4310950b5a212b57a2bf84b39c87d7bfceb2","/guide.js":"4539af78a7a6cd62784232a58544c9ade3a6062f81756dc4430e6bd8af97804d","/guide.html":"e6c2c1bc23ec5362f5ad8160c08c97fd89a689f51b71a18477c1b42e1a04a5ec","/404.html":"312dc4532a55874255c14abecfdb58e8f567e2cba7677ae10c884101fcf9a72e","/icons/ota-download-green.png":"c56ab351901cf7880b26bb2c51ef828d036acf227613d5d38ec5746536743f4d\r","/icons/icon-512.png":"2c557d19c5dd9afd69c3a35fde0903598c8fecdb7b33d8200f21e02da5fd93eb\r","/icons/icon-192.png":"83fd46deb27fac4e256f518edbce316da6a0d4d74768ee3febbbf075ca530cf8\r","/icons/appicon-512.png":"57f483593bf6c88528625119a99973e6bd2a81648396514e6654149ef62df68a\r","/icons/appicon-192.png":"518f0320a44fd90fa6be2a4cf6ed270931324fbdfd1c3d10c141af6591528d04\r","/sw.js":"4658cc1d2a88d394cd9769140ce0cd989f5e7f8bb816f105ccc9b44ff441259d","/feature-meta.js":"b423730c80b9cfa938651aff6870bc02ef46ba79ae1d8d4128430124026c3b7b","/app.js":"54b644cbb6746214fd70d700920e35a67c4e3662469e45e74cb7bf7729cc6e9c","/session.js":"fac2531b6375804ecb3f4a3698569ff46b1b16548c95568b990ca70002f9fe2a"}}
[debug] [2026-04-13T10:12:25.163Z] <<< [apiv2][status] POST https://firebasehosting.googleapis.com/v1beta1/projects/476671598143/sites/tinyml-smart-plug/versions/6003d0588e7332c9:populateFiles 200
[debug] [2026-04-13T10:12:25.165Z] <<< [apiv2][body] POST https://firebasehosting.googleapis.com/v1beta1/projects/476671598143/sites/tinyml-smart-plug/versions/6003d0588e7332c9:populateFiles {"uploadRequiredHashes":["fac2531b6375804ecb3f4a3698569ff46b1b16548c95568b990ca70002f9fe2a","b423730c80b9cfa938651aff6870bc02ef46ba79ae1d8d4128430124026c3b7b","4658cc1d2a88d394cd9769140ce0cd989f5e7f8bb816f105ccc9b44ff441259d","54b644cbb6746214fd70d700920e35a67c4e3662469e45e74cb7bf7729cc6e9c"],"uploadUrl":"https://upload-firebasehosting.googleapis.com/upload/sites/tinyml-smart-plug/versions/6003d0588e7332c9/files"}
[debug] [2026-04-13T10:12:25.166Z] Checked if tokens are valid: true, expires at: 1776078740424
[debug] [2026-04-13T10:12:25.166Z] Checked if tokens are valid: true, expires at: 1776078740424
[debug] [2026-04-13T10:12:25.167Z] Checked if tokens are valid: true, expires at: 1776078740424
[debug] [2026-04-13T10:12:25.167Z] Checked if tokens are valid: true, expires at: 1776078740424
[debug] [2026-04-13T10:12:25.167Z] Checked if tokens are valid: true, expires at: 1776078740424
[debug] [2026-04-13T10:12:25.168Z] Checked if tokens are valid: true, expires at: 1776078740424
[debug] [2026-04-13T10:12:25.168Z] Checked if tokens are valid: true, expires at: 1776078740424
[debug] [2026-04-13T10:12:25.169Z] Checked if tokens are valid: true, expires at: 1776078740424
[debug] [2026-04-13T10:12:25.169Z] >>> [apiv2][query] POST https://upload-firebasehosting.googleapis.com/upload/sites/tinyml-smart-plug/versions/6003d0588e7332c9/files/fac2531b6375804ecb3f4a3698569ff46b1b16548c95568b990ca70002f9fe2a [none]
[debug] [2026-04-13T10:12:25.169Z] >>> [apiv2][body] POST https://upload-firebasehosting.googleapis.com/upload/sites/tinyml-smart-plug/versions/6003d0588e7332c9/files/fac2531b6375804ecb3f4a3698569ff46b1b16548c95568b990ca70002f9fe2a [stream]
[debug] [2026-04-13T10:12:25.172Z] >>> [apiv2][query] POST https://upload-firebasehosting.googleapis.com/upload/sites/tinyml-smart-plug/versions/6003d0588e7332c9/files/b423730c80b9cfa938651aff6870bc02ef46ba79ae1d8d4128430124026c3b7b [none]
[debug] [2026-04-13T10:12:25.173Z] >>> [apiv2][body] POST https://upload-firebasehosting.googleapis.com/upload/sites/tinyml-smart-plug/versions/6003d0588e7332c9/files/b423730c80b9cfa938651aff6870bc02ef46ba79ae1d8d4128430124026c3b7b [stream]
[debug] [2026-04-13T10:12:25.174Z] >>> [apiv2][query] POST https://upload-firebasehosting.googleapis.com/upload/sites/tinyml-smart-plug/versions/6003d0588e7332c9/files/4658cc1d2a88d394cd9769140ce0cd989f5e7f8bb816f105ccc9b44ff441259d [none]
[debug] [2026-04-13T10:12:25.175Z] >>> [apiv2][body] POST https://upload-firebasehosting.googleapis.com/upload/sites/tinyml-smart-plug/versions/6003d0588e7332c9/files/4658cc1d2a88d394cd9769140ce0cd989f5e7f8bb816f105ccc9b44ff441259d [stream]
[debug] [2026-04-13T10:12:25.176Z] >>> [apiv2][query] POST https://upload-firebasehosting.googleapis.com/upload/sites/tinyml-smart-plug/versions/6003d0588e7332c9/files/54b644cbb6746214fd70d700920e35a67c4e3662469e45e74cb7bf7729cc6e9c [none]
[debug] [2026-04-13T10:12:25.177Z] >>> [apiv2][body] POST https://upload-firebasehosting.googleapis.com/upload/sites/tinyml-smart-plug/versions/6003d0588e7332c9/files/54b644cbb6746214fd70d700920e35a67c4e3662469e45e74cb7bf7729cc6e9c [stream]
[debug] [2026-04-13T10:12:25.179Z] [hosting][populate queue][FINAL] {"max":941,"min":941,"avg":941,"active":0,"complete":1,"success":1,"errored":0,"retried":0,"total":1,"elapsed":951}
[debug] [2026-04-13T10:12:25.179Z] [hosting] uploads queued: 4
[debug] [2026-04-13T10:12:26.891Z] <<< [apiv2][status] POST https://upload-firebasehosting.googleapis.com/upload/sites/tinyml-smart-plug/versions/6003d0588e7332c9/files/4658cc1d2a88d394cd9769140ce0cd989f5e7f8bb816f105ccc9b44ff441259d 200
[debug] [2026-04-13T10:12:26.891Z] <<< [apiv2][body] POST https://upload-firebasehosting.googleapis.com/upload/sites/tinyml-smart-plug/versions/6003d0588e7332c9/files/4658cc1d2a88d394cd9769140ce0cd989f5e7f8bb816f105ccc9b44ff441259d [stream]
[debug] [2026-04-13T10:12:27.034Z] <<< [apiv2][status] POST https://upload-firebasehosting.googleapis.com/upload/sites/tinyml-smart-plug/versions/6003d0588e7332c9/files/fac2531b6375804ecb3f4a3698569ff46b1b16548c95568b990ca70002f9fe2a 200
[debug] [2026-04-13T10:12:27.034Z] <<< [apiv2][body] POST https://upload-firebasehosting.googleapis.com/upload/sites/tinyml-smart-plug/versions/6003d0588e7332c9/files/fac2531b6375804ecb3f4a3698569ff46b1b16548c95568b990ca70002f9fe2a [stream]
[debug] [2026-04-13T10:12:27.100Z] <<< [apiv2][status] POST https://upload-firebasehosting.googleapis.com/upload/sites/tinyml-smart-plug/versions/6003d0588e7332c9/files/b423730c80b9cfa938651aff6870bc02ef46ba79ae1d8d4128430124026c3b7b 200
[debug] [2026-04-13T10:12:27.100Z] <<< [apiv2][body] POST https://upload-firebasehosting.googleapis.com/upload/sites/tinyml-smart-plug/versions/6003d0588e7332c9/files/b423730c80b9cfa938651aff6870bc02ef46ba79ae1d8d4128430124026c3b7b [stream]
[debug] [2026-04-13T10:12:27.160Z] <<< [apiv2][status] POST https://upload-firebasehosting.googleapis.com/upload/sites/tinyml-smart-plug/versions/6003d0588e7332c9/files/54b644cbb6746214fd70d700920e35a67c4e3662469e45e74cb7bf7729cc6e9c 200
[debug] [2026-04-13T10:12:27.160Z] <<< [apiv2][body] POST https://upload-firebasehosting.googleapis.com/upload/sites/tinyml-smart-plug/versions/6003d0588e7332c9/files/54b644cbb6746214fd70d700920e35a67c4e3662469e45e74cb7bf7729cc6e9c [stream]
[debug] [2026-04-13T10:12:27.160Z] [hosting][upload queue][FINAL] {"max":1992,"min":1724,"avg":1880,"active":0,"complete":4,"success":4,"errored":0,"retried":0,"total":4,"elapsed":1995}
[info] +  hosting[tinyml-smart-plug]: file upload complete 
[debug] [2026-04-13T10:12:27.161Z] [hosting] deploy completed after 2957ms
[debug] [2026-04-13T10:12:27.162Z] [
  {
    "config": {
      "public": "pwa",
      "ignore": [
        "firebase.json",
        "**/.*",
        "**/node_modules/**"
      ],
      "site": "tinyml-smart-plug"
    },
    "version": "projects/476671598143/sites/tinyml-smart-plug/versions/6003d0588e7332c9"
  }
]
[info] i  hosting[tinyml-smart-plug]: finalizing version... 
[debug] [2026-04-13T10:12:27.163Z] Checked if tokens are valid: true, expires at: 1776078740424
[debug] [2026-04-13T10:12:27.163Z] Checked if tokens are valid: true, expires at: 1776078740424
[debug] [2026-04-13T10:12:27.163Z] >>> [apiv2][query] PATCH https://firebasehosting.googleapis.com/v1beta1/projects/-/sites/tinyml-smart-plug/versions/6003d0588e7332c9 updateMask=status%2Cconfig
[debug] [2026-04-13T10:12:27.164Z] >>> [apiv2][body] PATCH https://firebasehosting.googleapis.com/v1beta1/projects/-/sites/tinyml-smart-plug/versions/6003d0588e7332c9 {"status":"FINALIZED","config":{}}
[debug] [2026-04-13T10:12:27.912Z] <<< [apiv2][status] PATCH https://firebasehosting.googleapis.com/v1beta1/projects/-/sites/tinyml-smart-plug/versions/6003d0588e7332c9 200
[debug] [2026-04-13T10:12:27.912Z] <<< [apiv2][body] PATCH https://firebasehosting.googleapis.com/v1beta1/projects/-/sites/tinyml-smart-plug/versions/6003d0588e7332c9 {"name":"projects/476671598143/sites/tinyml-smart-plug/versions/6003d0588e7332c9","status":"FINALIZED","config":{},"labels":{"deployment-tool":"cli-firebase"},"createTime":"2026-04-13T10:12:23.536841Z","createUser":{"email":"fpenaofficial@gmail.com"},"finalizeTime":"2026-04-13T10:12:27.781708Z","finalizeUser":{"email":"fpenaofficial@gmail.com"}}
[debug] [2026-04-13T10:12:27.913Z] [hosting] finalized version for tinyml-smart-plug:[object Object]
[info] +  hosting[tinyml-smart-plug]: version finalized 
[info] i  hosting[tinyml-smart-plug]: releasing new version... 
[debug] [2026-04-13T10:12:27.913Z] Checked if tokens are valid: true, expires at: 1776078740424
[debug] [2026-04-13T10:12:27.913Z] Checked if tokens are valid: true, expires at: 1776078740424
[debug] [2026-04-13T10:12:27.914Z] >>> [apiv2][query] POST https://firebasehosting.googleapis.com/v1beta1/projects/-/sites/tinyml-smart-plug/channels/live/releases versionName=projects%2F476671598143%2Fsites%2Ftinyml-smart-plug%2Fversions%2F6003d0588e7332c9
[debug] [2026-04-13T10:12:27.914Z] >>> [apiv2][body] POST https://firebasehosting.googleapis.com/v1beta1/projects/-/sites/tinyml-smart-plug/channels/live/releases {}
[debug] [2026-04-13T10:12:29.048Z] <<< [apiv2][status] POST https://firebasehosting.googleapis.com/v1beta1/projects/-/sites/tinyml-smart-plug/channels/live/releases 200
[debug] [2026-04-13T10:12:29.048Z] <<< [apiv2][body] POST https://firebasehosting.googleapis.com/v1beta1/projects/-/sites/tinyml-smart-plug/channels/live/releases {"name":"projects/476671598143/sites/tinyml-smart-plug/channels/live/releases/1776075148188000","version":{"name":"projects/476671598143/sites/tinyml-smart-plug/versions/6003d0588e7332c9","status":"FINALIZED","config":{},"labels":{"deployment-tool":"cli-firebase"},"createTime":"2026-04-13T10:12:23.536841Z","createUser":{"email":"fpenaofficial@gmail.com","imageUrl":"https://lh3.googleusercontent.com/a/ACg8ocI2ln2wMmzbsflHT1FKGp2MHl4b1nvk88XJ8v9FErbVJxx9xkA6"},"finalizeTime":"2026-04-13T10:12:27.781708Z","finalizeUser":{"email":"fpenaofficial@gmail.com","imageUrl":"https://lh3.googleusercontent.com/a/ACg8ocI2ln2wMmzbsflHT1FKGp2MHl4b1nvk88XJ8v9FErbVJxx9xkA6"}},"type":"DEPLOY","releaseTime":"2026-04-13T10:12:28.188Z","releaseUser":{"email":"fpenaofficial@gmail.com","imageUrl":"https://lh3.googleusercontent.com/a/ACg8ocI2ln2wMmzbsflHT1FKGp2MHl4b1nvk88XJ8v9FErbVJxx9xkA6"}}
[debug] [2026-04-13T10:12:29.048Z] [hosting] release: {"name":"projects/476671598143/sites/tinyml-smart-plug/channels/live/releases/1776075148188000","version":{"name":"projects/476671598143/sites/tinyml-smart-plug/versions/6003d0588e7332c9","status":"FINALIZED","config":{},"labels":{"deployment-tool":"cli-firebase"},"createTime":"2026-04-13T10:12:23.536841Z","createUser":{"email":"fpenaofficial@gmail.com","imageUrl":"https://lh3.googleusercontent.com/a/ACg8ocI2ln2wMmzbsflHT1FKGp2MHl4b1nvk88XJ8v9FErbVJxx9xkA6"},"finalizeTime":"2026-04-13T10:12:27.781708Z","finalizeUser":{"email":"fpenaofficial@gmail.com","imageUrl":"https://lh3.googleusercontent.com/a/ACg8ocI2ln2wMmzbsflHT1FKGp2MHl4b1nvk88XJ8v9FErbVJxx9xkA6"}},"type":"DEPLOY","releaseTime":"2026-04-13T10:12:28.188Z","releaseUser":{"email":"fpenaofficial@gmail.com","imageUrl":"https://lh3.googleusercontent.com/a/ACg8ocI2ln2wMmzbsflHT1FKGp2MHl4b1nvk88XJ8v9FErbVJxx9xkA6"}}
[info] +  hosting[tinyml-smart-plug]: release complete 
[info] 
[info] +  Deploy complete! 
[info] 
[info] Project Console: https://console.firebase.google.com/project/tinyml-smart-plug/overview
[info] Hosting URL: https://tinyml-smart-plug.web.app
